2024-07-15T12:59:42.381+08:00  INFO 41435 --- [inventory_management] [main] c.p.i.InventoryManagementApplication     : Starting InventoryManagementApplication using Java 17.0.11 with PID 41435 (/Users/oliver/Desktop/spring_boot_project/inventory_management/target/classes started by oliver in /Users/oliver/Desktop/spring_boot_project/inventory_management)
2024-07-15T12:59:42.382+08:00 DEBUG 41435 --- [inventory_management] [main] c.p.i.InventoryManagementApplication     : Running with Spring Boot v3.3.1, Spring v6.1.10
2024-07-15T12:59:42.383+08:00  INFO 41435 --- [inventory_management] [main] c.p.i.InventoryManagementApplication     : No active profile set, falling back to 1 default profile: "default"
2024-07-15T12:59:43.154+08:00  INFO 41435 --- [inventory_management] [main] .s.d.r.c.RepositoryConfigurationDelegate : Bootstrapping Spring Data JPA repositories in DEFAULT mode.
2024-07-15T12:59:43.219+08:00  INFO 41435 --- [inventory_management] [main] .s.d.r.c.RepositoryConfigurationDelegate : Finished Spring Data repository scanning in 52 ms. Found 2 JPA repository interfaces.
2024-07-15T12:59:43.792+08:00  INFO 41435 --- [inventory_management] [main] o.s.b.w.embedded.tomcat.TomcatWebServer  : Tomcat initialized with port 8080 (http)
2024-07-15T12:59:43.804+08:00  INFO 41435 --- [inventory_management] [main] o.apache.catalina.core.StandardService   : Starting service [Tomcat]
2024-07-15T12:59:43.804+08:00  INFO 41435 --- [inventory_management] [main] o.apache.catalina.core.StandardEngine    : Starting Servlet engine: [Apache Tomcat/10.1.25]
2024-07-15T12:59:43.857+08:00  INFO 41435 --- [inventory_management] [main] o.a.c.c.C.[Tomcat].[localhost].[/]       : Initializing Spring embedded WebApplicationContext
2024-07-15T12:59:43.858+08:00  INFO 41435 --- [inventory_management] [main] w.s.c.ServletWebServerApplicationContext : Root WebApplicationContext: initialization completed in 1436 ms
2024-07-15T12:59:43.998+08:00  INFO 41435 --- [inventory_management] [main] o.hibernate.jpa.internal.util.LogHelper  : HHH000204: Processing PersistenceUnitInfo [name: default]
2024-07-15T12:59:44.045+08:00  INFO 41435 --- [inventory_management] [main] org.hibernate.Version                    : HHH000412: Hibernate ORM core version 6.5.2.Final
2024-07-15T12:59:44.071+08:00  INFO 41435 --- [inventory_management] [main] o.h.c.internal.RegionFactoryInitiator    : HHH000026: Second-level cache disabled
2024-07-15T12:59:44.357+08:00  INFO 41435 --- [inventory_management] [main] o.s.o.j.p.SpringPersistenceUnitInfo      : No LoadTimeWeaver setup: ignoring JPA class transformer
2024-07-15T12:59:44.379+08:00  INFO 41435 --- [inventory_management] [main] com.zaxxer.hikari.HikariDataSource       : HikariPool-1 - Starting...
2024-07-15T12:59:44.701+08:00  INFO 41435 --- [inventory_management] [main] com.zaxxer.hikari.pool.HikariPool        : HikariPool-1 - Added connection com.mysql.cj.jdbc.ConnectionImpl@52856ff9
2024-07-15T12:59:44.703+08:00  INFO 41435 --- [inventory_management] [main] com.zaxxer.hikari.HikariDataSource       : HikariPool-1 - Start completed.
2024-07-15T12:59:44.769+08:00  WARN 41435 --- [inventory_management] [main] org.hibernate.orm.deprecation            : HHH90000025: MySQL8Dialect does not need to be specified explicitly using 'hibernate.dialect' (remove the property setting and it will be selected by default)
2024-07-15T12:59:44.770+08:00  WARN 41435 --- [inventory_management] [main] org.hibernate.orm.deprecation            : HHH90000026: MySQL8Dialect has been deprecated; use org.hibernate.dialect.MySQLDialect instead
2024-07-15T12:59:45.508+08:00  INFO 41435 --- [inventory_management] [main] o.h.e.t.j.p.i.JtaPlatformInitiator       : HHH000489: No JTA platform available (set 'hibernate.transaction.jta.platform' to enable JTA platform integration)
2024-07-15T12:59:45.578+08:00  INFO 41435 --- [inventory_management] [main] j.LocalContainerEntityManagerFactoryBean : Initialized JPA EntityManagerFactory for persistence unit 'default'
2024-07-15T12:59:45.951+08:00  WARN 41435 --- [inventory_management] [main] JpaBaseConfiguration$JpaWebConfiguration : spring.jpa.open-in-view is enabled by default. Therefore, database queries may be performed during view rendering. Explicitly configure spring.jpa.open-in-view to disable this warning
2024-07-15T12:59:45.966+08:00  WARN 41435 --- [inventory_management] [main] .s.s.UserDetailsServiceAutoConfiguration : 

Using generated security password: b5063bc2-e4c5-4462-aab4-eb242ae9f723

This generated password is for development use only. Your security configuration must be updated before running your application in production.

2024-07-15T12:59:45.972+08:00  INFO 41435 --- [inventory_management] [main] r$InitializeUserDetailsManagerConfigurer : Global AuthenticationManager configured with UserDetailsService bean with name inMemoryUserDetailsManager
2024-07-15T12:59:46.114+08:00 DEBUG 41435 --- [inventory_management] [main] s.w.s.m.m.a.RequestMappingHandlerMapping : 18 mappings in 'requestMappingHandlerMapping'
2024-07-15T12:59:46.215+08:00 DEBUG 41435 --- [inventory_management] [main] o.s.w.s.handler.SimpleUrlHandlerMapping  : Patterns [/webjars/**, /**, /swagger-ui*/*swagger-initializer.js, /swagger-ui*/**] in 'resourceHandlerMapping'
2024-07-15T12:59:46.406+08:00 DEBUG 41435 --- [inventory_management] [main] s.w.s.m.m.a.RequestMappingHandlerAdapter : ControllerAdvice beans: 0 @ModelAttribute, 0 @InitBinder, 1 RequestBodyAdvice, 1 ResponseBodyAdvice
2024-07-15T12:59:46.472+08:00 DEBUG 41435 --- [inventory_management] [main] .m.m.a.ExceptionHandlerExceptionResolver : ControllerAdvice beans: 2 @ExceptionHandler, 1 ResponseBodyAdvice
2024-07-15T12:59:46.659+08:00  INFO 41435 --- [inventory_management] [main] o.s.b.w.embedded.tomcat.TomcatWebServer  : Tomcat started on port 8080 (http) with context path '/'
2024-07-15T12:59:46.671+08:00  INFO 41435 --- [inventory_management] [main] c.p.i.InventoryManagementApplication     : Started InventoryManagementApplication in 4.756 seconds (process running for 5.28)
2024-07-15T12:59:57.130+08:00  INFO 41435 --- [inventory_management] [http-nio-8080-exec-2] o.a.c.c.C.[Tomcat].[localhost].[/]       : Initializing Spring DispatcherServlet 'dispatcherServlet'
2024-07-15T12:59:57.133+08:00  INFO 41435 --- [inventory_management] [http-nio-8080-exec-2] o.s.web.servlet.DispatcherServlet        : Initializing Servlet 'dispatcherServlet'
2024-07-15T12:59:57.133+08:00 DEBUG 41435 --- [inventory_management] [http-nio-8080-exec-2] o.s.web.servlet.DispatcherServlet        : Detected StandardServletMultipartResolver
2024-07-15T12:59:57.134+08:00 DEBUG 41435 --- [inventory_management] [http-nio-8080-exec-2] o.s.web.servlet.DispatcherServlet        : Detected AcceptHeaderLocaleResolver
2024-07-15T12:59:57.134+08:00 DEBUG 41435 --- [inventory_management] [http-nio-8080-exec-2] o.s.web.servlet.DispatcherServlet        : Detected FixedThemeResolver
2024-07-15T12:59:57.138+08:00 DEBUG 41435 --- [inventory_management] [http-nio-8080-exec-2] o.s.web.servlet.DispatcherServlet        : Detected org.springframework.web.servlet.view.DefaultRequestToViewNameTranslator@6418075c
2024-07-15T12:59:57.138+08:00 DEBUG 41435 --- [inventory_management] [http-nio-8080-exec-2] o.s.web.servlet.DispatcherServlet        : Detected org.springframework.web.servlet.support.SessionFlashMapManager@159314ca
2024-07-15T12:59:57.139+08:00 DEBUG 41435 --- [inventory_management] [http-nio-8080-exec-2] o.s.web.servlet.DispatcherServlet        : enableLoggingRequestDetails='false': request parameters and headers will be masked to prevent unsafe logging of potentially sensitive data
2024-07-15T12:59:57.139+08:00  INFO 41435 --- [inventory_management] [http-nio-8080-exec-2] o.s.web.servlet.DispatcherServlet        : Completed initialization in 6 ms
2024-07-15T12:59:57.172+08:00 DEBUG 41435 --- [inventory_management] [http-nio-8080-exec-2] o.s.web.servlet.DispatcherServlet        : POST "/users/signup", parameters={}
2024-07-15T12:59:57.174+08:00 DEBUG 41435 --- [inventory_management] [http-nio-8080-exec-2] s.w.s.m.m.a.RequestMappingHandlerMapping : Mapped to com.project.inventory_management.controller.UserController#signup(SignupRequestDTO)
2024-07-15T12:59:57.286+08:00 DEBUG 41435 --- [inventory_management] [http-nio-8080-exec-2] m.m.a.RequestResponseBodyMethodProcessor : Read "application/json;charset=UTF-8" to [UserRequestDTO.SignupRequestDTO(username=oliver111, password=Oliver123123@, email=oliver@foxmail.com (truncated)...]
2024-07-15T12:59:57.555+08:00 DEBUG 41435 --- [inventory_management] [http-nio-8080-exec-2] .m.m.a.ExceptionHandlerExceptionResolver : Using @ExceptionHandler com.project.inventory_management.aop.GlobalExceptionHandler#handleUserExistException(UserExistException, WebRequest)
2024-07-15T12:59:57.556+08:00 ERROR 41435 --- [inventory_management] [http-nio-8080-exec-2] c.p.i.aop.GlobalExceptionHandler         : User already exist exception : User already exists with email: oliver@foxmail.com
2024-07-15T12:59:57.572+08:00 DEBUG 41435 --- [inventory_management] [http-nio-8080-exec-2] o.s.w.s.m.m.a.HttpEntityMethodProcessor  : Using 'application/json', given [*/*] and supported [application/json, application/*+json]
2024-07-15T12:59:57.573+08:00 DEBUG 41435 --- [inventory_management] [http-nio-8080-exec-2] o.s.w.s.m.m.a.HttpEntityMethodProcessor  : Writing [{exception=User already exists with email: oliver@foxmail.com, path=, web request description=uri=/u (truncated)...]
2024-07-15T12:59:57.585+08:00 DEBUG 41435 --- [inventory_management] [http-nio-8080-exec-2] .m.m.a.ExceptionHandlerExceptionResolver : Resolved [com.project.inventory_management.exception.UserExistException: User already exists with email: oliver@foxmail.com]
2024-07-15T12:59:57.586+08:00 DEBUG 41435 --- [inventory_management] [http-nio-8080-exec-2] o.s.web.servlet.DispatcherServlet        : Completed 400 BAD_REQUEST
2024-07-15T13:00:53.035+08:00 DEBUG 41435 --- [inventory_management] [http-nio-8080-exec-4] o.s.web.servlet.DispatcherServlet        : POST "/users/login", parameters={}
2024-07-15T13:00:53.036+08:00 DEBUG 41435 --- [inventory_management] [http-nio-8080-exec-4] s.w.s.m.m.a.RequestMappingHandlerMapping : Mapped to com.project.inventory_management.controller.UserController#login(LoginRequestDTO)
2024-07-15T13:00:53.040+08:00 DEBUG 41435 --- [inventory_management] [http-nio-8080-exec-4] m.m.a.RequestResponseBodyMethodProcessor : Read "application/json;charset=UTF-8" to [UserRequestDTO.LoginRequestDTO(email=oliver@foxmail.com, password=Oliver123123@)]
2024-07-15T13:00:53.157+08:00 DEBUG 41435 --- [inventory_management] [http-nio-8080-exec-4] o.s.w.s.m.m.a.HttpEntityMethodProcessor  : Using 'application/json', given [*/*] and supported [application/json, application/*+json]
2024-07-15T13:00:53.165+08:00 DEBUG 41435 --- [inventory_management] [http-nio-8080-exec-4] o.s.w.s.m.m.a.HttpEntityMethodProcessor  : Writing [User(id=403, username=oliver, password=$2a$10$/LYjNDSTHzKp8Jgl836sD.V8sRlNfFkDW6Jpk5Fvf.ja5u9rqh1uG, (truncated)...]
2024-07-15T13:00:53.172+08:00 DEBUG 41435 --- [inventory_management] [http-nio-8080-exec-4] o.s.web.servlet.DispatcherServlet        : Completed 200 OK
2024-07-15T13:00:57.562+08:00 DEBUG 41435 --- [inventory_management] [http-nio-8080-exec-5] o.s.web.servlet.DispatcherServlet        : GET "/users/1", parameters={}
2024-07-15T13:00:57.563+08:00 DEBUG 41435 --- [inventory_management] [http-nio-8080-exec-5] s.w.s.m.m.a.RequestMappingHandlerMapping : Mapped to com.project.inventory_management.controller.UserController#getUserById(Integer)
2024-07-15T13:00:57.608+08:00 DEBUG 41435 --- [inventory_management] [http-nio-8080-exec-5] .m.m.a.ExceptionHandlerExceptionResolver : Using @ExceptionHandler com.project.inventory_management.aop.GlobalExceptionHandler#handleUserNotFoundException(UserNotFoundException, WebRequest)
2024-07-15T13:00:57.608+08:00 ERROR 41435 --- [inventory_management] [http-nio-8080-exec-5] c.p.i.aop.GlobalExceptionHandler         : User not found exception : User not found with id: 1
2024-07-15T13:00:57.609+08:00 DEBUG 41435 --- [inventory_management] [http-nio-8080-exec-5] o.s.w.s.m.m.a.HttpEntityMethodProcessor  : Using 'application/json', given [*/*] and supported [application/json, application/*+json]
2024-07-15T13:00:57.609+08:00 DEBUG 41435 --- [inventory_management] [http-nio-8080-exec-5] o.s.w.s.m.m.a.HttpEntityMethodProcessor  : Writing [{exception=User not found with id: 1, path=, web request description=uri=/users/1}]
2024-07-15T13:00:57.610+08:00 DEBUG 41435 --- [inventory_management] [http-nio-8080-exec-5] .m.m.a.ExceptionHandlerExceptionResolver : Resolved [com.project.inventory_management.exception.UserNotFoundException: User not found with id: 1]
2024-07-15T13:00:57.610+08:00 DEBUG 41435 --- [inventory_management] [http-nio-8080-exec-5] o.s.web.servlet.DispatcherServlet        : Completed 400 BAD_REQUEST
2024-07-15T13:01:06.376+08:00  INFO 41435 --- [inventory_management] [SpringApplicationShutdownHook] j.LocalContainerEntityManagerFactoryBean : Closing JPA EntityManagerFactory for persistence unit 'default'
2024-07-15T13:01:06.382+08:00  INFO 41435 --- [inventory_management] [SpringApplicationShutdownHook] com.zaxxer.hikari.HikariDataSource       : HikariPool-1 - Shutdown initiated...
2024-07-15T13:01:06.397+08:00  INFO 41435 --- [inventory_management] [SpringApplicationShutdownHook] com.zaxxer.hikari.HikariDataSource       : HikariPool-1 - Shutdown completed.
